
Verification errors in table: Objects
====================================


------------------------> New Error Code: 19
Error[0]: Tbl(Objects) : Object(val:230) Mech Apollo:   - This unit IS NOT AN AIR UNIT!!! Yet, it has the flying ability? Its unit class is not airplane, airtransport,  airanimal, or helicopter.


------------------------> New Error Code: 39
Error[1]: Tbl(Objects) : Object(val:294) b  Gate - Digital:   - Collision sphere is too big. Tile size is: 1 and collision sphere is 1.20
Error[2]: Tbl(Objects) : Object(val:306) Foundation 2x2:   - Collision sphere is too big. Tile size is: 1 and collision sphere is 2.00
Error[3]: Tbl(Objects) : Object(val:307) Foundation 3x3:   - Collision sphere is too big. Tile size is: 1 and collision sphere is 2.00
Error[4]: Tbl(Objects) : Object(val:360) Foundation 6x6:   - Collision sphere is too big. Tile size is: 1 and collision sphere is 3.00
Error[5]: Tbl(Objects) : Object(val:395) x Single Player Settlement:   - Collision sphere is too big. Tile size is: 2 and collision sphere is 2.30
Error[6]: Tbl(Objects) : Object(val:442) b  Gate - WW1:   - Collision sphere is too big. Tile size is: 1 and collision sphere is 1.20
Error[7]: Tbl(Objects) : Object(val:443) b  Gate - Imperial:   - Collision sphere is too big. Tile size is: 1 and collision sphere is 1.20
Error[8]: Tbl(Objects) : Object(val:444) b  Gate - Middle:   - Collision sphere is too big. Tile size is: 1 and collision sphere is 1.20
Error[9]: Tbl(Objects) : Object(val:454) b  Gate - Bronze:   - Collision sphere is too big. Tile size is: 1 and collision sphere is 1.20
Error[10]: Tbl(Objects) : Object(val:473) b  Gate - Copper:   - Collision sphere is too big. Tile size is: 1 and collision sphere is 1.20
Error[11]: Tbl(Objects) : Object(val:717) Foundation - Airport:   - Collision sphere is too big. Tile size is: 1 and collision sphere is 2.00


------------------------> New Error Code: 40
Error[12]: Tbl(Objects) : Object(val:366) Volcano:   - Tile size: 6 is larger than 4. We currently don't have code to build this. Talk to Shawn! He will keep you on the straight and narrow..
Error[13]: Tbl(Objects) : Object(val:479) x Buckingham Palace:   - Tile size: 6 is larger than 4. We currently don't have code to build this. Talk to Shawn! He will keep you on the straight and narrow..

Verification errors in table: Sounds
====================================


------------------------> New Error Code: 20
Error[0]: Tbl(Sounds) : Sounds TABLE:   - Unused Sound RECORD - Value:1 Name:Sci-fi4
Error[1]: Tbl(Sounds) : Sounds TABLE:   - Unused Sound RECORD - Value:134 Name:Garrison
Error[2]: Tbl(Sounds) : Sounds TABLE:   - Unused Sound RECORD - Value:213 Name:Ostrich Walk
Error[3]: Tbl(Sounds) : Sounds TABLE:   - Unused Sound RECORD - Value:349 Name:Button 4
Error[4]: Tbl(Sounds) : Sounds TABLE:   - Unused Sound RECORD - Value:356 Name:Button 5
Error[5]: Tbl(Sounds) : Sounds TABLE:   - Unused Sound RECORD - Value:388 Name:Transport Unload
Error[6]: Tbl(Sounds) : Sounds TABLE:   - Unused Sound RECORD - Value:389 Name:Cannot Unload
Error[7]: Tbl(Sounds) : Sounds TABLE:   - Unused Sound RECORD - Value:397 Name:Under Attack
Error[8]: Tbl(Sounds) : Sounds TABLE:   - Unused Sound RECORD - Value:439 Name:Trumpets
Error[9]: Tbl(Sounds) : Sounds TABLE:   - Unused Sound RECORD - Value:440 Name:Rain
Error[10]: Tbl(Sounds) : Sounds TABLE:   - Unused Sound RECORD - Value:441 Name:Thunder Storm
Error[11]: Tbl(Sounds) : Sounds TABLE:   - Unused Sound RECORD - Value:442 Name:Thunder 2
Error[12]: Tbl(Sounds) : Sounds TABLE:   - Unused Sound RECORD - Value:443 Name:Horse Breath
Error[13]: Tbl(Sounds) : Sounds TABLE:   - Unused Sound RECORD - Value:444 Name:Horse Breath 2
Error[14]: Tbl(Sounds) : Sounds TABLE:   - Unused Sound RECORD - Value:459 Name:Button 3
Error[15]: Tbl(Sounds) : Sounds TABLE:   - Unused Sound RECORD - Value:481 Name:Gate
Error[16]: Tbl(Sounds) : Sounds TABLE:   - Unused Sound RECORD - Value:370 Name:Volcano Rumble
Error[17]: Tbl(Sounds) : Sounds TABLE:   - Unused Sound RECORD - Value:374 Name:Lightning
Error[18]: Tbl(Sounds) : Sounds TABLE:   - Unused Sound RECORD - Value:387 Name:Transport Load
Error[19]: Tbl(Sounds) : Sounds TABLE:   - Unused Sound RECORD - Value:499 Name:Hurricane
Error[20]: Tbl(Sounds) : Sounds TABLE:   - Unused Sound RECORD - Value:515 Name:Pulse Cannon
Error[21]: Tbl(Sounds) : Sounds TABLE:   - Unused Sound RECORD - Value:516 Name:Teleport
Error[22]: Tbl(Sounds) : Sounds TABLE:   - Unused Sound RECORD - Value:517 Name:Resonator
Error[23]: Tbl(Sounds) : Sounds TABLE:   - Unused Sound RECORD - Value:518 Name:Shield Battery
Error[24]: Tbl(Sounds) : Sounds TABLE:   - Unused Sound RECORD - Value:519 Name:Button 1
Error[25]: Tbl(Sounds) : Sounds TABLE:   - Unused Sound RECORD - Value:520 Name:Button 2
Error[26]: Tbl(Sounds) : Sounds TABLE:   - Unused Sound RECORD - Value:5 Name:Tree Wind
Error[27]: Tbl(Sounds) : Sounds TABLE:   - Unused Sound RECORD - Value:6 Name:Looping Wind
Error[28]: Tbl(Sounds) : Sounds TABLE:   - Unused Sound RECORD - Value:582 Name:Dv0 - Hector 3
Error[29]: Tbl(Sounds) : Sounds TABLE:   - Unused Sound RECORD - Value:583 Name:Dv0 - Hector 4
Error[30]: Tbl(Sounds) : Sounds TABLE:   - Unused Sound RECORD - Value:8 Name:Flare
Error[31]: Tbl(Sounds) : Sounds TABLE:   - Unused Sound RECORD - Value:14 Name:Cash Register
Error[32]: Tbl(Sounds) : Sounds TABLE:   - Unused Sound RECORD - Value:909 Name:Anti Matter Storm
Error[33]: Tbl(Sounds) : Sounds TABLE:   - Unused Sound RECORD - Value:936 Name:Clock Tick
Error[34]: Tbl(Sounds) : Sounds TABLE:   - Unused Sound RECORD - Value:942 Name:Incoming Chat Message
Error[35]: Tbl(Sounds) : Sounds TABLE:   - Unused Sound RECORD - Value:957 Name:Computer Attack
Error[36]: Tbl(Sounds) : Sounds TABLE:   - Unused Sound RECORD - Value:958 Name:Wonder Clock
Error[37]: Tbl(Sounds) : Sounds TABLE:   - Unused Sound RECORD - Value:962 Name:Hot Key Alarm

Verification errors in table: TechTree
====================================


------------------------> New Error Code: 34

**************************** WARNINGS ON ****************************
Warning[0]: Tbl(TechTree) : Tech(val:1078) Mysticism:   - this tech node's PARENT Object(value:502)x Mosque STARTS IN AN EPOCH AFTER ITS CHILD! Parent tech node: Value:5201, (Mosque)
Warning[1]: Tbl(TechTree) : Tech(val:1078) Mysticism:   - this tech node's PARENT Object(value:502)x Mosque STARTS IN AN EPOCH AFTER ITS CHILD! Parent tech node: Value:5201, (Mosque)
Warning[2]: Tbl(TechTree) : Tech(val:2052) Ceremonial Burial:   - this tech node's PARENT Object(value:502)x Mosque STARTS IN AN EPOCH AFTER ITS CHILD! Parent tech node: Value:5201, (Mosque)
Warning[3]: Tbl(TechTree) : Tech(val:2052) Ceremonial Burial:   - this tech node's PARENT Object(value:502)x Mosque STARTS IN AN EPOCH AFTER ITS CHILD! Parent tech node: Value:5201, (Mosque)
Warning[4]: Tbl(TechTree) : Tech(val:2053) Shamanism:   - this tech node's PARENT Object(value:502)x Mosque STARTS IN AN EPOCH AFTER ITS CHILD! Parent tech node: Value:5201, (Mosque)
Warning[5]: Tbl(TechTree) : Tech(val:2053) Shamanism:   - this tech node's PARENT Object(value:502)x Mosque STARTS IN AN EPOCH AFTER ITS CHILD! Parent tech node: Value:5201, (Mosque)
Warning[6]: Tbl(TechTree) : Tech(val:4011) Oracle:   - this tech node's PARENT Object(value:502)x Mosque STARTS IN AN EPOCH AFTER ITS CHILD! Parent tech node: Value:5201, (Mosque)
Warning[7]: Tbl(TechTree) : Tech(val:4011) Oracle:   - this tech node's PARENT Object(value:502)x Mosque STARTS IN AN EPOCH AFTER ITS CHILD! Parent tech node: Value:5201, (Mosque)
Warning[8]: Tbl(TechTree) : Tech(val:3071) Polytheism:   - this tech node's PARENT Object(value:502)x Mosque STARTS IN AN EPOCH AFTER ITS CHILD! Parent tech node: Value:5201, (Mosque)
Warning[9]: Tbl(TechTree) : Tech(val:3071) Polytheism:   - this tech node's PARENT Object(value:502)x Mosque STARTS IN AN EPOCH AFTER ITS CHILD! Parent tech node: Value:5201, (Mosque)
Warning[10]: Tbl(TechTree) : Tech(val:1079) Sandals:   - this tech node's PARENT Object(value:502)x Mosque STARTS IN AN EPOCH AFTER ITS CHILD! Parent tech node: Value:5201, (Mosque)
Warning[11]: Tbl(TechTree) : Tech(val:1079) Sandals:   - this tech node's PARENT Object(value:502)x Mosque STARTS IN AN EPOCH AFTER ITS CHILD! Parent tech node: Value:5201, (Mosque)
Warning[12]: Tbl(TechTree) : Tech(val:3070) Mythology:   - this tech node's PARENT Object(value:502)x Mosque STARTS IN AN EPOCH AFTER ITS CHILD! Parent tech node: Value:5201, (Mosque)
Warning[13]: Tbl(TechTree) : Tech(val:3070) Mythology:   - this tech node's PARENT Object(value:502)x Mosque STARTS IN AN EPOCH AFTER ITS CHILD! Parent tech node: Value:5201, (Mosque)
Warning[14]: Tbl(TechTree) : Tech(val:1076) Priest 02:   - this tech node's PARENT Object(value:502)x Mosque STARTS IN AN EPOCH AFTER ITS CHILD! Parent tech node: Value:5201, (Mosque)
Warning[15]: Tbl(TechTree) : Tech(val:1076) Priest 02:   - this tech node's PARENT Object(value:502)x Mosque STARTS IN AN EPOCH AFTER ITS CHILD! Parent tech node: Value:5201, (Mosque)
Warning[16]: Tbl(TechTree) : Tech(val:2024) Inf02 - Spearman:   - this tech node's PARENT Object(value:530)x Pagoda STARTS IN AN EPOCH AFTER ITS CHILD! Parent tech node: Value:3200, (Pagoda)
Warning[17]: Tbl(TechTree) : Tech(val:1073) Inf01 - Clubman:   - this tech node's PARENT Object(value:530)x Pagoda STARTS IN AN EPOCH AFTER ITS CHILD! Parent tech node: Value:3200, (Pagoda)
Warning[18]: Tbl(TechTree) : Tech(val:11035) a   10ww2  Corsair:   - this tech node's PARENT Object(value:127)s13 Nexus Carrier STARTS IN AN EPOCH AFTER ITS CHILD! Parent tech node: Value:13054, s12 Aircraft Carrier 2 - Nexus
Warning[19]: Tbl(TechTree) : Tech(val:1019) zzzPlague:   - this tech node's PARENT Object(value:221)x05 Pope STARTS IN AN EPOCH AFTER ITS CHILD! Parent tech node: Value:5100, xSP05 Pope
Warning[20]: Tbl(TechTree) : Tech(val:1019) zzzPlague:   - this tech node's PARENT Object(value:221)x05 Pope STARTS IN AN EPOCH AFTER ITS CHILD! Parent tech node: Value:5100, xSP05 Pope
Warning[21]: Tbl(TechTree) : Tech(val:1017) zzzVolcano:   - this tech node's PARENT Object(value:221)x05 Pope STARTS IN AN EPOCH AFTER ITS CHILD! Parent tech node: Value:5100, xSP05 Pope
Warning[22]: Tbl(TechTree) : Tech(val:1017) zzzVolcano:   - this tech node's PARENT Object(value:221)x05 Pope STARTS IN AN EPOCH AFTER ITS CHILD! Parent tech node: Value:5100, xSP05 Pope
Warning[23]: Tbl(TechTree) : Tech(val:1022) zzzHurricane:   - this tech node's PARENT Object(value:221)x05 Pope STARTS IN AN EPOCH AFTER ITS CHILD! Parent tech node: Value:5100, xSP05 Pope
Warning[24]: Tbl(TechTree) : Tech(val:1022) zzzHurricane:   - this tech node's PARENT Object(value:221)x05 Pope STARTS IN AN EPOCH AFTER ITS CHILD! Parent tech node: Value:5100, xSP05 Pope
Warning[25]: Tbl(TechTree) : Tech(val:1018) zzzEarthquake:   - this tech node's PARENT Object(value:221)x05 Pope STARTS IN AN EPOCH AFTER ITS CHILD! Parent tech node: Value:5100, xSP05 Pope
Warning[26]: Tbl(TechTree) : Tech(val:1018) zzzEarthquake:   - this tech node's PARENT Object(value:221)x05 Pope STARTS IN AN EPOCH AFTER ITS CHILD! Parent tech node: Value:5100, xSP05 Pope
Warning[27]: Tbl(TechTree) : Tech(val:1013) zzzFire Calamity:   - this tech node's PARENT Object(value:221)x05 Pope STARTS IN AN EPOCH AFTER ITS CHILD! Parent tech node: Value:5100, xSP05 Pope
Warning[28]: Tbl(TechTree) : Tech(val:1013) zzzFire Calamity:   - this tech node's PARENT Object(value:221)x05 Pope STARTS IN AN EPOCH AFTER ITS CHILD! Parent tech node: Value:5100, xSP05 Pope
Warning[29]: Tbl(TechTree) : Tech(val:1016) zzzFamine (Leprosy):   - this tech node's PARENT Object(value:221)x05 Pope STARTS IN AN EPOCH AFTER ITS CHILD! Parent tech node: Value:5100, xSP05 Pope
Warning[30]: Tbl(TechTree) : Tech(val:1016) zzzFamine (Leprosy):   - this tech node's PARENT Object(value:221)x05 Pope STARTS IN AN EPOCH AFTER ITS CHILD! Parent tech node: Value:5100, xSP05 Pope
Warning[31]: Tbl(TechTree) : Tech(val:1005) Rock Thrower:   - this tech node's PARENT Object(value:530)x Pagoda STARTS IN AN EPOCH AFTER ITS CHILD! Parent tech node: Value:3200, (Pagoda)
Warning[32]: Tbl(TechTree) : Tech(val:12015) a   10m F14:   - this tech node's PARENT Object(value:127)s13 Nexus Carrier STARTS IN AN EPOCH AFTER ITS CHILD! Parent tech node: Value:13054, s12 Aircraft Carrier 2 - Nexus
Warning[33]: Tbl(TechTree) : Tech(val:1077) Prophet:   - this tech node's PARENT Object(value:502)x Mosque STARTS IN AN EPOCH AFTER ITS CHILD! Parent tech node: Value:5201, (Mosque)
Warning[34]: Tbl(TechTree) : Tech(val:1077) Prophet:   - this tech node's PARENT Object(value:502)x Mosque STARTS IN AN EPOCH AFTER ITS CHILD! Parent tech node: Value:5201, (Mosque)
Warning[35]: Tbl(TechTree) : Tech(val:12025) F14 Upgrade:   - this tech node's PARENT Object(value:127)s13 Nexus Carrier STARTS IN AN EPOCH AFTER ITS CHILD! Parent tech node: Value:13054, s12 Aircraft Carrier 2 - Nexus
Warning[36]: Tbl(TechTree) : Tech(val:1914) Shield Battery:   - this tech node's PARENT Object(value:230)Mech Apollo STARTS IN AN EPOCH AFTER ITS CHILD! Parent tech node: Value:13100, Mech Apollo
Warning[37]: Tbl(TechTree) : Tech(val:1913) Pulse Cannon:   - this tech node's PARENT Object(value:230)Mech Apollo STARTS IN AN EPOCH AFTER ITS CHILD! Parent tech node: Value:13100, Mech Apollo
Warning[38]: Tbl(TechTree) : Tech(val:1917) Time Warp:   - this tech node's PARENT Object(value:303)Mech Hades STARTS IN AN EPOCH AFTER ITS CHILD! Parent tech node: Value:14003, Mech Hades
Warning[39]: Tbl(TechTree) : Tech(val:1916) Teleport:   - this tech node's PARENT Object(value:303)Mech Hades STARTS IN AN EPOCH AFTER ITS CHILD! Parent tech node: Value:14003, Mech Hades
Warning[40]: Tbl(TechTree) : Tech(val:1919) Inferno:   - this tech node's PARENT Object(value:267)Mech Tempest STARTS IN AN EPOCH AFTER ITS CHILD! Parent tech node: Value:13101, Mech Tempest
Warning[41]: Tbl(TechTree) : Tech(val:1918) Anti Matter Storm:   - this tech node's PARENT Object(value:267)Mech Tempest STARTS IN AN EPOCH AFTER ITS CHILD! Parent tech node: Value:13101, Mech Tempest
Warning[42]: Tbl(TechTree) : Tech(val:1915) Nano Virus:   - this tech node's PARENT Object(value:303)Mech Hades STARTS IN AN EPOCH AFTER ITS CHILD! Parent tech node: Value:14003, Mech Hades
Warning[43]: Tbl(TechTree) : Tech(val:1900) William - Battlecry:   - this tech node's PARENT Object(value:177)h1 6 William the Conqueror (heal) STARTS IN AN EPOCH AFTER ITS CHILD! Parent tech node: Value:6039, h William the Conqueror
Warning[44]: Tbl(TechTree) : Tech(val:1906) Sargon - Battlecry:   - this tech node's PARENT Object(value:159)h1-3 Sargon of Akkad (heal) STARTS IN AN EPOCH AFTER ITS CHILD! Parent tech node: Value:3032, h Sargon of Akkad
Warning[45]: Tbl(TechTree) : Tech(val:1907) Alexander - Battlecry:   - this tech node's PARENT Object(value:173)h1-4 Alexander the Great (heal) STARTS IN AN EPOCH AFTER ITS CHILD! Parent tech node: Value:4020, h Alexander the Great
Warning[46]: Tbl(TechTree) : Tech(val:1908) Charlemagne - Battlecry:   - this tech node's PARENT Object(value:167)h1-5 Charlemagne (heal) STARTS IN AN EPOCH AFTER ITS CHILD! Parent tech node: Value:5034, h Charlemagne
Warning[47]: Tbl(TechTree) : Tech(val:1909) Isabella - Battlecry:   - this tech node's PARENT Object(value:186)h1-7 Isabella (heal) STARTS IN AN EPOCH AFTER ITS CHILD! Parent tech node: Value:7085, h Isabella I
Warning[48]: Tbl(TechTree) : Tech(val:1911) Bismarck - Battlecry:   - this tech node's PARENT Object(value:197)h1-9 Otto Von Bismarck (heal) STARTS IN AN EPOCH AFTER ITS CHILD! Parent tech node: Value:9029, h Bismarck
Warning[49]: Tbl(TechTree) : Tech(val:1901) Pershing - Battlecry:   - this tech node's PARENT Object(value:201)h1-10 DeVerran (heal) STARTS IN AN EPOCH AFTER ITS CHILD! Parent tech node: Value:10064, h WW1 Hero Pershin
Warning[50]: Tbl(TechTree) : Tech(val:1905) Molly Ryan - Battlecry:   - this tech node's PARENT Object(value:232)h1-14 Molly Ryan (heal) STARTS IN AN EPOCH AFTER ITS CHILD! Parent tech node: Value:14042, h Molly Ryan
Warning[51]: Tbl(TechTree) : Tech(val:1904) Septimus - Battlecry:   - this tech node's PARENT Object(value:218)h1-13 Alexi Septimus (heal) STARTS IN AN EPOCH AFTER ITS CHILD! Parent tech node: Value:13058, h Septimus
Warning[52]: Tbl(TechTree) : Tech(val:1902) Rommel - Battlecry:   - this tech node's PARENT Object(value:203)h1-11 Rommel (heal) STARTS IN AN EPOCH AFTER ITS CHILD! Parent tech node: Value:11093, h Rommel
Warning[53]: Tbl(TechTree) : Tech(val:1903) Pressman - Battlecry:   - this tech node's PARENT Object(value:684)h1-12 R.W. Bresden (heal) STARTS IN AN EPOCH AFTER ITS CHILD! Parent tech node: Value:12022, h Elvin Pressman
Warning[54]: Tbl(TechTree) : Tech(val:2004) Inf02 Log Guy:   - this tech node's PARENT Object(value:530)x Pagoda STARTS IN AN EPOCH AFTER ITS CHILD! Parent tech node: Value:3200, (Pagoda)
Warning[55]: Tbl(TechTree) : Tech(val:1910) Elizabeth - Battlecry:   - this tech node's PARENT Object(value:192)h1-8 Elizabeth I (heal) STARTS IN AN EPOCH AFTER ITS CHILD! Parent tech node: Value:8026, h Elizabeth
Warning[56]: Tbl(TechTree) : Tech(val:10103) (SP - Spy):   - this tech node's PARENT Object(value:627)x RADAR Wonder STARTS IN AN EPOCH AFTER ITS CHILD! Parent tech node: Value:11086, xsp RADAR Wonder
Warning[57]: Tbl(TechTree) : Tech(val:1912) Black Robe - Battle Cry:   - this tech node's PARENT Object(value:689)x13 Black Robe Officer (heal) STARTS IN AN EPOCH AFTER ITS CHILD! Parent tech node: Value:13102, (SP - Black Robe Officer)
Warning[58]: Tbl(TechTree) : Tech(val:1912) Black Robe - Battle Cry:   - this tech node's PARENT Object(value:689)x13 Black Robe Officer (heal) STARTS IN AN EPOCH AFTER ITS CHILD! Parent tech node: Value:13102, (SP - Black Robe Officer)
Warning[59]: Tbl(TechTree) : Tech(val:1309) Granary Upgrade:   - this tech node's PARENT Object(value:52)b  Granary STARTS IN AN EPOCH AFTER ITS CHILD! Parent tech node: Value:3082, Granary
Warning[60]: Tbl(TechTree) : Tech(val:1309) Granary Upgrade:   - this tech node's PARENT Object(value:52)b  Granary STARTS IN AN EPOCH AFTER ITS CHILD! Parent tech node: Value:3082, Granary

Verification errors in table: Effects
====================================


------------------------> New Error Code: 36
~~~~~~~~~~~~~~~~~~~~~~~~~~~~~~~~~~~ WARNINGS OFF ~~~~~~~~~~~~~~~~~~~~~~~~~~~~~~~~~~~

Error[0]: Tbl(Effects) : EFFECTS TABLE:   - Unused Effect Record - Name: 308 - ID:364 
Error[1]: Tbl(Effects) : EFFECTS TABLE:   - Unused Effect Record - Name: 61 - ID:434 
Error[2]: Tbl(Effects) : EFFECTS TABLE:   - Unused Effect Record - Name: 62 - ID:435 
Error[3]: Tbl(Effects) : EFFECTS TABLE:   - Unused Effect Record - Name: 63 - ID:436 
Error[4]: Tbl(Effects) : EFFECTS TABLE:   - Unused Effect Record - Name: 64 - ID:437 
Error[5]: Tbl(Effects) : EFFECTS TABLE:   - Unused Effect Record - Name: 66 - ID:438 
Error[6]: Tbl(Effects) : EFFECTS TABLE:   - Unused Effect Record - Name: 391 - ID:446 
Error[7]: Tbl(Effects) : EFFECTS TABLE:   - Unused Effect Record - Name: 80 - ID:451 
Error[8]: Tbl(Effects) : EFFECTS TABLE:   - Unused Effect Record - Name: 79 - ID:452 
Error[9]: Tbl(Effects) : EFFECTS TABLE:   - Unused Effect Record - Name: 78 - ID:453 
Error[10]: Tbl(Effects) : EFFECTS TABLE:   - Unused Effect Record - Name: 77 - ID:454 
Error[11]: Tbl(Effects) : EFFECTS TABLE:   - Unused Effect Record - Name: 76 - ID:455 
Error[12]: Tbl(Effects) : EFFECTS TABLE:   - Unused Effect Record - Name: 75 - ID:456 
Error[13]: Tbl(Effects) : EFFECTS TABLE:   - Unused Effect Record - Name: 81 - ID:457 
Error[14]: Tbl(Effects) : EFFECTS TABLE:   - Unused Effect Record - Name: 86 - ID:458 
Error[15]: Tbl(Effects) : EFFECTS TABLE:   - Unused Effect Record - Name: 85 - ID:459 
Error[16]: Tbl(Effects) : EFFECTS TABLE:   - Unused Effect Record - Name: 84 - ID:460 
Error[17]: Tbl(Effects) : EFFECTS TABLE:   - Unused Effect Record - Name: 83 - ID:461 
Error[18]: Tbl(Effects) : EFFECTS TABLE:   - Unused Effect Record - Name: 82 - ID:462 
Error[19]: Tbl(Effects) : EFFECTS TABLE:   - Unused Effect Record - Name: 87 - ID:463 
Error[20]: Tbl(Effects) : EFFECTS TABLE:   - Unused Effect Record - Name: 97 - ID:464 
Error[21]: Tbl(Effects) : EFFECTS TABLE:   - Unused Effect Record - Name: 96 - ID:465 
Error[22]: Tbl(Effects) : EFFECTS TABLE:   - Unused Effect Record - Name: 95 - ID:466 
Error[23]: Tbl(Effects) : EFFECTS TABLE:   - Unused Effect Record - Name: 94 - ID:467 
Error[24]: Tbl(Effects) : EFFECTS TABLE:   - Unused Effect Record - Name: 93 - ID:468 
Error[25]: Tbl(Effects) : EFFECTS TABLE:   - Unused Effect Record - Name: 92 - ID:469 
Error[26]: Tbl(Effects) : EFFECTS TABLE:   - Unused Effect Record - Name: 91 - ID:470 
Error[27]: Tbl(Effects) : EFFECTS TABLE:   - Unused Effect Record - Name: 90 - ID:471 
Error[28]: Tbl(Effects) : EFFECTS TABLE:   - Unused Effect Record - Name: 88 - ID:472 
Error[29]: Tbl(Effects) : EFFECTS TABLE:   - Unused Effect Record - Name: 98 - ID:473 
Error[30]: Tbl(Effects) : EFFECTS TABLE:   - Unused Effect Record - Name: 101 - ID:474 
Error[31]: Tbl(Effects) : EFFECTS TABLE:   - Unused Effect Record - Name: 102 - ID:475 
Error[32]: Tbl(Effects) : EFFECTS TABLE:   - Unused Effect Record - Name: 103 - ID:476 
Error[33]: Tbl(Effects) : EFFECTS TABLE:   - Unused Effect Record - Name: 104 - ID:477 
Error[34]: Tbl(Effects) : EFFECTS TABLE:   - Unused Effect Record - Name: 105 - ID:478 
Error[35]: Tbl(Effects) : EFFECTS TABLE:   - Unused Effect Record - Name: 106 - ID:479 
Error[36]: Tbl(Effects) : EFFECTS TABLE:   - Unused Effect Record - Name: 120 - ID:480 
Error[37]: Tbl(Effects) : EFFECTS TABLE:   - Unused Effect Record - Name: 99 - ID:482 
Error[38]: Tbl(Effects) : EFFECTS TABLE:   - Unused Effect Record - Name: 109 - ID:483 
Error[39]: Tbl(Effects) : EFFECTS TABLE:   - Unused Effect Record - Name: 110 - ID:484 
Error[40]: Tbl(Effects) : EFFECTS TABLE:   - Unused Effect Record - Name: 111 - ID:485 
Error[41]: Tbl(Effects) : EFFECTS TABLE:   - Unused Effect Record - Name: 113 - ID:486 
Error[42]: Tbl(Effects) : EFFECTS TABLE:   - Unused Effect Record - Name: 114 - ID:487 
Error[43]: Tbl(Effects) : EFFECTS TABLE:   - Unused Effect Record - Name: 115 - ID:488 
Error[44]: Tbl(Effects) : EFFECTS TABLE:   - Unused Effect Record - Name: 118 - ID:489 
Error[45]: Tbl(Effects) : EFFECTS TABLE:   - Unused Effect Record - Name: 100 - ID:490 
Error[46]: Tbl(Effects) : EFFECTS TABLE:   - Unused Effect Record - Name: 136 - ID:496 
Error[47]: Tbl(Effects) : EFFECTS TABLE:   - Unused Effect Record - Name: 133 - ID:497 
Error[48]: Tbl(Effects) : EFFECTS TABLE:   - Unused Effect Record - Name: 128 - ID:498 
Error[49]: Tbl(Effects) : EFFECTS TABLE:   - Unused Effect Record - Name: 134 - ID:499 
Error[50]: Tbl(Effects) : EFFECTS TABLE:   - Unused Effect Record - Name: 125 - ID:500 
Error[51]: Tbl(Effects) : EFFECTS TABLE:   - Unused Effect Record - Name: 137 - ID:501 
Error[52]: Tbl(Effects) : EFFECTS TABLE:   - Unused Effect Record - Name: 135 - ID:502 
Error[53]: Tbl(Effects) : EFFECTS TABLE:   - Unused Effect Record - Name: 138 - ID:503 
Error[54]: Tbl(Effects) : EFFECTS TABLE:   - Unused Effect Record - Name: 139 - ID:504 
Error[55]: Tbl(Effects) : EFFECTS TABLE:   - Unused Effect Record - Name: 140 - ID:505 
Error[56]: Tbl(Effects) : EFFECTS TABLE:   - Unused Effect Record - Name: 161 - ID:506 
Error[57]: Tbl(Effects) : EFFECTS TABLE:   - Unused Effect Record - Name: 160 - ID:507 
Error[58]: Tbl(Effects) : EFFECTS TABLE:   - Unused Effect Record - Name: 159 - ID:508 
Error[59]: Tbl(Effects) : EFFECTS TABLE:   - Unused Effect Record - Name: 158 - ID:509 
Error[60]: Tbl(Effects) : EFFECTS TABLE:   - Unused Effect Record - Name: 157 - ID:510 
Error[61]: Tbl(Effects) : EFFECTS TABLE:   - Unused Effect Record - Name: 156 - ID:511 
Error[62]: Tbl(Effects) : EFFECTS TABLE:   - Unused Effect Record - Name: 151 - ID:513 
Error[63]: Tbl(Effects) : EFFECTS TABLE:   - Unused Effect Record - Name: 150 - ID:514 
Error[64]: Tbl(Effects) : EFFECTS TABLE:   - Unused Effect Record - Name: 149 - ID:515 
Error[65]: Tbl(Effects) : EFFECTS TABLE:   - Unused Effect Record - Name: 144 - ID:516 
Error[66]: Tbl(Effects) : EFFECTS TABLE:   - Unused Effect Record - Name: 143 - ID:517 
Error[67]: Tbl(Effects) : EFFECTS TABLE:   - Unused Effect Record - Name: 132 - ID:518 
Error[68]: Tbl(Effects) : EFFECTS TABLE:   - Unused Effect Record - Name: 122 - ID:519 
Error[69]: Tbl(Effects) : EFFECTS TABLE:   - Unused Effect Record - Name: 162 - ID:524 
Error[70]: Tbl(Effects) : EFFECTS TABLE:   - Unused Effect Record - Name: 163 - ID:525 
Error[71]: Tbl(Effects) : EFFECTS TABLE:   - Unused Effect Record - Name: 176 - ID:552 
Error[72]: Tbl(Effects) : EFFECTS TABLE:   - Unused Effect Record - Name: 416 - ID:553 
Error[73]: Tbl(Effects) : EFFECTS TABLE:   - Unused Effect Record - Name: 757 - ID:900 
Error[74]: Tbl(Effects) : EFFECTS TABLE:   - Unused Effect Record - Name: 766 - ID:909 
Error[75]: Tbl(Effects) : EFFECTS TABLE:   - Unused Effect Record - Name: 789 - ID:932 
Error[76]: Tbl(Effects) : EFFECTS TABLE:   - Unused Effect Record - Name: 791 - ID:934 
Error[77]: Tbl(Effects) : EFFECTS TABLE:   - Unused Effect Record - Name: 830 - ID:975 
Error[78]: Tbl(Effects) : EFFECTS TABLE:   - Unused Effect Record - Name: 840 - ID:990 
Error[79]: Tbl(Effects) : EFFECTS TABLE:   - Unused Effect Record - Name: 844 - ID:994 
Error[80]: Tbl(Effects) : EFFECTS TABLE:   - Unused Effect Record - Name: 885 - ID:1038 
Error[81]: Tbl(Effects) : EFFECTS TABLE:   - Unused Effect Record - Name: 892 - ID:1045 
Error[82]: Tbl(Effects) : EFFECTS TABLE:   - Unused Effect Record - Name: 940 - ID:1089 
Error[83]: Tbl(Effects) : EFFECTS TABLE:   - Unused Effect Record - Name: 942 - ID:1091 
Error[84]: Tbl(Effects) : EFFECTS TABLE:   - Unused Effect Record - Name: 944 - ID:1093 
Error[85]: Tbl(Effects) : EFFECTS TABLE:   - Unused Effect Record - Name: 995 - ID:1145 
Error[86]: Tbl(Effects) : EFFECTS TABLE:   - Unused Effect Record - Name: 998 - ID:1148 
Error[87]: Tbl(Effects) : EFFECTS TABLE:   - Unused Effect Record - Name: 1027 - ID:1186 
Error[88]: Tbl(Effects) : EFFECTS TABLE:   - Unused Effect Record - Name: 1038 - ID:1199 
Error[89]: Tbl(Effects) : EFFECTS TABLE:   - Unused Effect Record - Name: 1141 - ID:1304 
Error[90]: Tbl(Effects) : EFFECTS TABLE:   - Unused Effect Record - Name: 1143 - ID:1306 
Error[91]: Tbl(Effects) : EFFECTS TABLE:   - Unused Effect Record - Name: 1145 - ID:1308 
Error[92]: Tbl(Effects) : EFFECTS TABLE:   - Unused Effect Record - Name: 1146 - ID:1309 
Error[93]: Tbl(Effects) : EFFECTS TABLE:   - Unused Effect Record - Name: 1147 - ID:1310 
Error[94]: Tbl(Effects) : EFFECTS TABLE:   - Unused Effect Record - Name: 1154 - ID:1318 
Error[95]: Tbl(Effects) : EFFECTS TABLE:   - Unused Effect Record - Name: 1166 - ID:1331 
Error[96]: Tbl(Effects) : EFFECTS TABLE:   - Unused Effect Record - Name: 3 - ID:1367 
Error[97]: Tbl(Effects) : EFFECTS TABLE:   - Unused Effect Record - Name: 1314 - ID:1528 
Error[98]: Tbl(Effects) : EFFECTS TABLE:   - Unused Effect Record - Name: 1345 - ID:1567 
Error[99]: Tbl(Effects) : EFFECTS TABLE:   - Unused Effect Record - Name: 124 - ID:1580 
Error[100]: Tbl(Effects) : EFFECTS TABLE:   - Unused Effect Record - Name: 1358 - ID:1584 
Error[101]: Tbl(Effects) : EFFECTS TABLE:   - Unused Effect Record - Name: 1364 - ID:1590 
